  [1m[35m (0.5ms)[0m  [1m[35mDROP DATABASE IF EXISTS "objective_manager_api_development"[0m
  [1m[35m (0.1ms)[0m  [1m[35mDROP DATABASE IF EXISTS "objective_manager_api_test"[0m
  [1m[35m (239.3ms)[0m  [1m[35mCREATE DATABASE "objective_manager_api_development" ENCODING = 'unicode'[0m
  [1m[35m (131.1ms)[0m  [1m[35mCREATE DATABASE "objective_manager_api_test" ENCODING = 'unicode'[0m
  [1m[35m (18.7ms)[0m  [1m[35mCREATE TABLE "schema_migrations" ("version" character varying NOT NULL PRIMARY KEY)[0m
  [1m[35m (14.4ms)[0m  [1m[35mCREATE TABLE "ar_internal_metadata" ("key" character varying NOT NULL PRIMARY KEY, "value" character varying, "created_at" timestamp(6) NOT NULL, "updated_at" timestamp(6) NOT NULL)[0m
  [1m[35m (0.2ms)[0m  [1m[34mSELECT pg_try_advisory_lock(2917550418451051005)[0m
  [1m[36mActiveRecord::SchemaMigration Pluck (0.7ms)[0m  [1m[34mSELECT "schema_migrations"."version" FROM "schema_migrations" ORDER BY "schema_migrations"."version" ASC[0m
Migrating to CreateObjectives (20220221071009)
  [1m[36mTRANSACTION (0.2ms)[0m  [1m[35mBEGIN[0m
  [1m[35m (13.9ms)[0m  [1m[35mCREATE TABLE "objectives" ("id" bigserial primary key, "title" character varying, "weight" integer, "created_at" timestamp(6) NOT NULL, "updated_at" timestamp(6) NOT NULL)[0m
  [1m[36mActiveRecord::SchemaMigration Create (1.0ms)[0m  [1m[32mINSERT INTO "schema_migrations" ("version") VALUES ($1) RETURNING "version"[0m  [["version", "20220221071009"]]
  [1m[36mTRANSACTION (2.7ms)[0m  [1m[35mCOMMIT[0m
  [1m[36mActiveRecord::InternalMetadata Load (0.5ms)[0m  [1m[34mSELECT "ar_internal_metadata".* FROM "ar_internal_metadata" WHERE "ar_internal_metadata"."key" = $1 LIMIT $2[0m  [["key", "environment"], ["LIMIT", 1]]
  [1m[36mTRANSACTION (0.1ms)[0m  [1m[35mBEGIN[0m
  [1m[36mActiveRecord::InternalMetadata Create (0.5ms)[0m  [1m[32mINSERT INTO "ar_internal_metadata" ("key", "value", "created_at", "updated_at") VALUES ($1, $2, $3, $4) RETURNING "key"[0m  [["key", "environment"], ["value", "development"], ["created_at", "2022-02-21 07:17:15.224750"], ["updated_at", "2022-02-21 07:17:15.224750"]]
  [1m[36mTRANSACTION (2.3ms)[0m  [1m[35mCOMMIT[0m
  [1m[35m (0.3ms)[0m  [1m[34mSELECT pg_advisory_unlock(2917550418451051005)[0m
  [1m[36mActiveRecord::SchemaMigration Pluck (0.8ms)[0m  [1m[34mSELECT "schema_migrations"."version" FROM "schema_migrations" ORDER BY "schema_migrations"."version" ASC[0m
  [1m[36mObjective Load (0.6ms)[0m  [1m[34mSELECT "objectives".* FROM "objectives"[0m
  [1m[36mTRANSACTION (0.2ms)[0m  [1m[35mBEGIN[0m
  [1m[36mObjective Create (0.7ms)[0m  [1m[32mINSERT INTO "objectives" ("title", "weight", "created_at", "updated_at") VALUES ($1, $2, $3, $4) RETURNING "id"[0m  [["title", "Become a rails master"], ["weight", 50], ["created_at", "2022-02-21 07:18:17.159439"], ["updated_at", "2022-02-21 07:18:17.159439"]]
  [1m[36mTRANSACTION (3.9ms)[0m  [1m[35mCOMMIT[0m
  [1m[36mObjective Load (0.8ms)[0m  [1m[34mSELECT "objectives".* FROM "objectives"[0m
  [1m[36mTRANSACTION (0.2ms)[0m  [1m[35mBEGIN[0m
  [1m[36mObjective Create (0.5ms)[0m  [1m[32mINSERT INTO "objectives" ("title", "weight", "created_at", "updated_at") VALUES ($1, $2, $3, $4) RETURNING "id"[0m  [["title", "Learn React basics"], ["weight", 30], ["created_at", "2022-02-21 07:19:06.246071"], ["updated_at", "2022-02-21 07:19:06.246071"]]
  [1m[36mTRANSACTION (2.6ms)[0m  [1m[35mCOMMIT[0m
  [1m[36mObjective Load (0.7ms)[0m  [1m[34mSELECT "objectives".* FROM "objectives"[0m
Started GET "/favicon.ico" for ::1 at 2022-02-21 08:36:05 +0100
  [1m[36mActiveRecord::SchemaMigration Pluck (1.4ms)[0m  [1m[34mSELECT "schema_migrations"."version" FROM "schema_migrations" ORDER BY "schema_migrations"."version" ASC[0m
  
ActionController::RoutingError (No route matches [GET] "/favicon.ico"):
  
Started GET "/objectives" for ::1 at 2022-02-21 08:37:42 +0100
Processing by ObjectivesController#index as */*
  [1m[36mObjective Load (0.5ms)[0m  [1m[34mSELECT "objectives".* FROM "objectives"[0m
  ↳ app/controllers/objectives_controller.rb:8:in `index'
Completed 200 OK in 37ms (Views: 19.3ms | ActiveRecord: 14.3ms | Allocations: 6665)


Started GET "/objectives" for ::1 at 2022-02-21 08:39:42 +0100
Processing by ObjectivesController#index as */*
  [1m[36mObjective Load (0.4ms)[0m  [1m[34mSELECT "objectives".* FROM "objectives"[0m
  ↳ app/controllers/objectives_controller.rb:8:in `index'
Completed 200 OK in 4ms (Views: 3.4ms | ActiveRecord: 0.4ms | Allocations: 826)


Started GET "/objectives" for ::1 at 2022-02-21 08:39:45 +0100
Processing by ObjectivesController#index as */*
  [1m[36mObjective Load (0.3ms)[0m  [1m[34mSELECT "objectives".* FROM "objectives"[0m
  ↳ app/controllers/objectives_controller.rb:8:in `index'
Completed 200 OK in 3ms (Views: 2.5ms | ActiveRecord: 0.3ms | Allocations: 826)


Started GET "/objectives" for ::1 at 2022-02-21 08:40:58 +0100
Processing by ObjectivesController#index as */*
  [1m[36mObjective Load (1.0ms)[0m  [1m[34mSELECT "objectives".* FROM "objectives"[0m
  ↳ app/controllers/objectives_controller.rb:8:in `index'
Completed 200 OK in 5ms (Views: 3.7ms | ActiveRecord: 1.0ms | Allocations: 826)


Started GET "/objectives" for ::1 at 2022-02-21 08:41:12 +0100
Processing by ObjectivesController#index as */*
  [1m[36mObjective Load (0.3ms)[0m  [1m[34mSELECT "objectives".* FROM "objectives"[0m
  ↳ app/controllers/objectives_controller.rb:8:in `index'
Completed 200 OK in 4ms (Views: 2.8ms | ActiveRecord: 0.3ms | Allocations: 812)


Started GET "/objectives" for ::1 at 2022-02-21 08:44:28 +0100
Processing by ObjectivesController#index as */*
  [1m[36mObjective Load (0.5ms)[0m  [1m[34mSELECT "objectives".* FROM "objectives"[0m
  ↳ app/controllers/objectives_controller.rb:8:in `index'
Completed 200 OK in 5ms (Views: 3.5ms | ActiveRecord: 0.5ms | Allocations: 812)


Started GET "/objectives" for ::1 at 2022-02-21 08:46:07 +0100
Processing by ObjectivesController#index as */*
  [1m[36mObjective Load (0.4ms)[0m  [1m[34mSELECT "objectives".* FROM "objectives"[0m
  ↳ app/controllers/objectives_controller.rb:8:in `index'
Completed 200 OK in 4ms (Views: 3.0ms | ActiveRecord: 0.4ms | Allocations: 812)


Started GET "/objectives" for ::1 at 2022-02-21 08:46:26 +0100
Processing by ObjectivesController#index as */*
  [1m[36mObjective Load (0.5ms)[0m  [1m[34mSELECT "objectives".* FROM "objectives"[0m
  ↳ app/controllers/objectives_controller.rb:8:in `index'
Completed 200 OK in 4ms (Views: 2.6ms | ActiveRecord: 0.5ms | Allocations: 812)


Started GET "/objectives" for ::1 at 2022-02-21 08:46:49 +0100
Processing by ObjectivesController#index as */*
  [1m[36mObjective Load (0.4ms)[0m  [1m[34mSELECT "objectives".* FROM "objectives"[0m
  ↳ app/controllers/objectives_controller.rb:8:in `index'
Completed 200 OK in 3ms (Views: 2.3ms | ActiveRecord: 0.4ms | Allocations: 812)


Started GET "/objectives" for ::1 at 2022-02-21 08:46:52 +0100
Processing by ObjectivesController#index as */*
  [1m[36mObjective Load (0.4ms)[0m  [1m[34mSELECT "objectives".* FROM "objectives"[0m
  ↳ app/controllers/objectives_controller.rb:8:in `index'
Completed 200 OK in 4ms (Views: 3.0ms | ActiveRecord: 0.4ms | Allocations: 812)


Started GET "/objectives" for ::1 at 2022-02-21 08:47:52 +0100
Processing by ObjectivesController#index as */*
  [1m[36mObjective Load (0.5ms)[0m  [1m[34mSELECT "objectives".* FROM "objectives"[0m
  ↳ app/controllers/objectives_controller.rb:8:in `index'
Completed 200 OK in 4ms (Views: 3.3ms | ActiveRecord: 0.5ms | Allocations: 812)


Started GET "/objectives" for ::1 at 2022-02-21 08:47:56 +0100
Processing by ObjectivesController#index as */*
  [1m[36mObjective Load (0.4ms)[0m  [1m[34mSELECT "objectives".* FROM "objectives"[0m
  ↳ app/controllers/objectives_controller.rb:8:in `index'
Completed 200 OK in 4ms (Views: 3.5ms | ActiveRecord: 0.4ms | Allocations: 812)


Started GET "/objectives" for ::1 at 2022-02-21 08:48:07 +0100
Processing by ObjectivesController#index as */*
  [1m[36mObjective Load (0.4ms)[0m  [1m[34mSELECT "objectives".* FROM "objectives"[0m
  ↳ app/controllers/objectives_controller.rb:8:in `index'
Completed 200 OK in 4ms (Views: 3.5ms | ActiveRecord: 0.4ms | Allocations: 812)


Started GET "/objectives" for ::1 at 2022-02-21 08:48:11 +0100
Processing by ObjectivesController#index as */*
  [1m[36mObjective Load (0.5ms)[0m  [1m[34mSELECT "objectives".* FROM "objectives"[0m
  ↳ app/controllers/objectives_controller.rb:8:in `index'
Completed 200 OK in 5ms (Views: 2.8ms | ActiveRecord: 0.5ms | Allocations: 812)


Started GET "/objectives" for ::1 at 2022-02-21 08:48:30 +0100
Processing by ObjectivesController#index as */*
  [1m[36mObjective Load (0.8ms)[0m  [1m[34mSELECT "objectives".* FROM "objectives"[0m
  ↳ app/controllers/objectives_controller.rb:8:in `index'
Completed 200 OK in 5ms (Views: 3.3ms | ActiveRecord: 0.8ms | Allocations: 812)


Started GET "/objectives" for ::1 at 2022-02-21 08:48:32 +0100
Processing by ObjectivesController#index as */*
  [1m[36mObjective Load (0.3ms)[0m  [1m[34mSELECT "objectives".* FROM "objectives"[0m
  ↳ app/controllers/objectives_controller.rb:8:in `index'
Completed 200 OK in 4ms (Views: 3.5ms | ActiveRecord: 0.3ms | Allocations: 812)


Started GET "/objectives" for ::1 at 2022-02-21 08:48:50 +0100
Processing by ObjectivesController#index as */*
  [1m[36mObjective Load (0.4ms)[0m  [1m[34mSELECT "objectives".* FROM "objectives"[0m
  ↳ app/controllers/objectives_controller.rb:8:in `index'
Completed 200 OK in 5ms (Views: 4.0ms | ActiveRecord: 0.4ms | Allocations: 812)


Started GET "/objectives" for ::1 at 2022-02-21 08:48:53 +0100
Processing by ObjectivesController#index as */*
  [1m[36mObjective Load (0.3ms)[0m  [1m[34mSELECT "objectives".* FROM "objectives"[0m
  ↳ app/controllers/objectives_controller.rb:8:in `index'
Completed 200 OK in 4ms (Views: 2.8ms | ActiveRecord: 0.3ms | Allocations: 812)


Started GET "/objectives" for ::1 at 2022-02-21 08:49:37 +0100
Processing by ObjectivesController#index as */*
  [1m[36mObjective Load (0.4ms)[0m  [1m[34mSELECT "objectives".* FROM "objectives"[0m
  ↳ app/controllers/objectives_controller.rb:8:in `index'
Completed 200 OK in 4ms (Views: 3.6ms | ActiveRecord: 0.4ms | Allocations: 812)


Started GET "/objectives" for ::1 at 2022-02-21 08:49:41 +0100
Processing by ObjectivesController#index as */*
  [1m[36mObjective Load (0.4ms)[0m  [1m[34mSELECT "objectives".* FROM "objectives"[0m
  ↳ app/controllers/objectives_controller.rb:8:in `index'
Completed 200 OK in 4ms (Views: 3.4ms | ActiveRecord: 0.4ms | Allocations: 812)


Started GET "/favicon.ico" for ::1 at 2022-02-21 08:50:38 +0100
Started GET "/objectives" for ::1 at 2022-02-21 08:50:38 +0100
  
ActionController::RoutingError (No route matches [GET] "/favicon.ico"):
  
Processing by ObjectivesController#index as */*
  [1m[36mObjective Load (0.4ms)[0m  [1m[34mSELECT "objectives".* FROM "objectives"[0m
  ↳ app/controllers/objectives_controller.rb:8:in `index'
Completed 200 OK in 4ms (Views: 3.7ms | ActiveRecord: 0.4ms | Allocations: 1578)


Started GET "/objectives" for ::1 at 2022-02-21 08:54:05 +0100
Processing by ObjectivesController#index as */*
  [1m[36mObjective Load (0.5ms)[0m  [1m[34mSELECT "objectives".* FROM "objectives"[0m
  ↳ app/controllers/objectives_controller.rb:8:in `index'
Completed 200 OK in 4ms (Views: 3.3ms | ActiveRecord: 0.5ms | Allocations: 812)


Started GET "/objectives" for ::1 at 2022-02-21 08:54:31 +0100
Processing by ObjectivesController#index as */*
  [1m[36mObjective Load (0.4ms)[0m  [1m[34mSELECT "objectives".* FROM "objectives"[0m
  ↳ app/controllers/objectives_controller.rb:8:in `index'
Completed 200 OK in 3ms (Views: 2.4ms | ActiveRecord: 0.4ms | Allocations: 812)


Started GET "/favicon.ico" for ::1 at 2022-02-21 09:03:53 +0100
Started GET "/objectives" for ::1 at 2022-02-21 09:03:53 +0100
  
ActionController::RoutingError (No route matches [GET] "/favicon.ico"):
  
Processing by ObjectivesController#index as */*
  [1m[36mObjective Load (1.0ms)[0m  [1m[34mSELECT "objectives".* FROM "objectives"[0m
  ↳ app/controllers/objectives_controller.rb:8:in `index'
Completed 200 OK in 45ms (Views: 40.1ms | ActiveRecord: 18.9ms | Allocations: 22757)


Started GET "/objectives" for ::1 at 2022-02-21 09:07:55 +0100
Processing by ObjectivesController#index as */*
  [1m[36mObjective Load (0.8ms)[0m  [1m[34mSELECT "objectives".* FROM "objectives"[0m
  ↳ app/controllers/objectives_controller.rb:8:in `index'
Completed 200 OK in 5ms (Views: 3.8ms | ActiveRecord: 0.8ms | Allocations: 814)


Started GET "/objectives" for ::1 at 2022-02-21 09:09:40 +0100
Processing by ObjectivesController#index as */*
  [1m[36mObjective Load (0.5ms)[0m  [1m[34mSELECT "objectives".* FROM "objectives"[0m
  ↳ app/controllers/objectives_controller.rb:8:in `index'
Completed 200 OK in 5ms (Views: 3.6ms | ActiveRecord: 0.5ms | Allocations: 812)


Started GET "/objectives" for ::1 at 2022-02-21 09:10:05 +0100
Processing by ObjectivesController#index as */*
  [1m[36mObjective Load (0.8ms)[0m  [1m[34mSELECT "objectives".* FROM "objectives"[0m
  ↳ app/controllers/objectives_controller.rb:8:in `index'
Completed 200 OK in 5ms (Views: 3.5ms | ActiveRecord: 0.8ms | Allocations: 812)


Started GET "/objectives" for ::1 at 2022-02-21 09:10:13 +0100
Processing by ObjectivesController#index as */*
  [1m[36mObjective Load (0.4ms)[0m  [1m[34mSELECT "objectives".* FROM "objectives"[0m
  ↳ app/controllers/objectives_controller.rb:8:in `index'
Completed 200 OK in 3ms (Views: 2.3ms | ActiveRecord: 0.4ms | Allocations: 812)


Started GET "/objectives" for ::1 at 2022-02-21 09:10:56 +0100
Processing by ObjectivesController#index as */*
  [1m[36mObjective Load (0.4ms)[0m  [1m[34mSELECT "objectives".* FROM "objectives"[0m
  ↳ app/controllers/objectives_controller.rb:8:in `index'
Completed 200 OK in 4ms (Views: 2.9ms | ActiveRecord: 0.4ms | Allocations: 812)


Started GET "/objectives" for ::1 at 2022-02-21 09:11:26 +0100
Processing by ObjectivesController#index as */*
  [1m[36mObjective Load (0.5ms)[0m  [1m[34mSELECT "objectives".* FROM "objectives"[0m
  ↳ app/controllers/objectives_controller.rb:8:in `index'
Completed 200 OK in 4ms (Views: 3.5ms | ActiveRecord: 0.5ms | Allocations: 812)


Started GET "/objectives" for ::1 at 2022-02-21 09:11:33 +0100
Processing by ObjectivesController#index as */*
  [1m[36mObjective Load (0.5ms)[0m  [1m[34mSELECT "objectives".* FROM "objectives"[0m
  ↳ app/controllers/objectives_controller.rb:8:in `index'
Completed 200 OK in 4ms (Views: 2.5ms | ActiveRecord: 0.5ms | Allocations: 812)


Started GET "/objectives" for ::1 at 2022-02-21 09:12:11 +0100
Processing by ObjectivesController#index as */*
  [1m[36mObjective Load (0.5ms)[0m  [1m[34mSELECT "objectives".* FROM "objectives"[0m
  ↳ app/controllers/objectives_controller.rb:8:in `index'
Completed 200 OK in 4ms (Views: 3.1ms | ActiveRecord: 0.5ms | Allocations: 812)


Started GET "/objectives" for ::1 at 2022-02-21 09:13:10 +0100
Processing by ObjectivesController#index as */*
  [1m[36mObjective Load (0.7ms)[0m  [1m[34mSELECT "objectives".* FROM "objectives"[0m
  ↳ app/controllers/objectives_controller.rb:8:in `index'
Completed 200 OK in 5ms (Views: 3.5ms | ActiveRecord: 0.7ms | Allocations: 812)


Started GET "/objectives" for ::1 at 2022-02-21 09:13:28 +0100
Processing by ObjectivesController#index as */*
  [1m[36mObjective Load (0.6ms)[0m  [1m[34mSELECT "objectives".* FROM "objectives"[0m
  ↳ app/controllers/objectives_controller.rb:8:in `index'
Completed 200 OK in 4ms (Views: 2.9ms | ActiveRecord: 0.6ms | Allocations: 812)


Started GET "/objectives" for ::1 at 2022-02-21 09:13:39 +0100
Processing by ObjectivesController#index as */*
  [1m[36mObjective Load (0.4ms)[0m  [1m[34mSELECT "objectives".* FROM "objectives"[0m
  ↳ app/controllers/objectives_controller.rb:8:in `index'
Completed 200 OK in 4ms (Views: 3.3ms | ActiveRecord: 0.4ms | Allocations: 812)


Started GET "/objectives" for ::1 at 2022-02-21 09:13:52 +0100
Processing by ObjectivesController#index as */*
  [1m[36mObjective Load (0.3ms)[0m  [1m[34mSELECT "objectives".* FROM "objectives"[0m
  ↳ app/controllers/objectives_controller.rb:8:in `index'
Completed 200 OK in 4ms (Views: 3.1ms | ActiveRecord: 0.3ms | Allocations: 812)


Started GET "/objectives" for ::1 at 2022-02-21 09:14:05 +0100
Processing by ObjectivesController#index as */*
  [1m[36mObjective Load (0.3ms)[0m  [1m[34mSELECT "objectives".* FROM "objectives"[0m
  ↳ app/controllers/objectives_controller.rb:8:in `index'
Completed 200 OK in 4ms (Views: 3.0ms | ActiveRecord: 0.3ms | Allocations: 812)


Started GET "/objectives" for ::1 at 2022-02-21 09:14:12 +0100
Processing by ObjectivesController#index as */*
  [1m[36mObjective Load (0.7ms)[0m  [1m[34mSELECT "objectives".* FROM "objectives"[0m
  ↳ app/controllers/objectives_controller.rb:8:in `index'
Completed 200 OK in 6ms (Views: 4.3ms | ActiveRecord: 0.7ms | Allocations: 812)


Started GET "/objectives" for ::1 at 2022-02-21 09:14:24 +0100
Processing by ObjectivesController#index as */*
  [1m[36mObjective Load (0.4ms)[0m  [1m[34mSELECT "objectives".* FROM "objectives"[0m
  ↳ app/controllers/objectives_controller.rb:8:in `index'
Completed 200 OK in 4ms (Views: 2.9ms | ActiveRecord: 0.4ms | Allocations: 812)


Started GET "/objectives" for ::1 at 2022-02-21 09:14:32 +0100
Processing by ObjectivesController#index as */*
  [1m[36mObjective Load (1.2ms)[0m  [1m[34mSELECT "objectives".* FROM "objectives"[0m
  ↳ app/controllers/objectives_controller.rb:8:in `index'
Completed 200 OK in 5ms (Views: 3.6ms | ActiveRecord: 1.2ms | Allocations: 987)


Started GET "/favicon.ico" for ::1 at 2022-02-21 09:14:32 +0100
  
ActionController::RoutingError (No route matches [GET] "/favicon.ico"):
  
Started GET "/objectives" for ::1 at 2022-02-21 09:14:33 +0100
Processing by ObjectivesController#index as */*
  [1m[36mObjective Load (0.3ms)[0m  [1m[34mSELECT "objectives".* FROM "objectives"[0m
  ↳ app/controllers/objectives_controller.rb:8:in `index'
Completed 200 OK in 3ms (Views: 2.3ms | ActiveRecord: 0.3ms | Allocations: 811)


Started GET "/objectives" for ::1 at 2022-02-21 09:14:49 +0100
Processing by ObjectivesController#index as */*
  [1m[36mObjective Load (0.5ms)[0m  [1m[34mSELECT "objectives".* FROM "objectives"[0m
  ↳ app/controllers/objectives_controller.rb:8:in `index'
Completed 200 OK in 4ms (Views: 3.2ms | ActiveRecord: 0.5ms | Allocations: 812)


Started GET "/objectives" for ::1 at 2022-02-21 09:15:05 +0100
Processing by ObjectivesController#index as */*
  [1m[36mObjective Load (0.5ms)[0m  [1m[34mSELECT "objectives".* FROM "objectives"[0m
  ↳ app/controllers/objectives_controller.rb:8:in `index'
Completed 200 OK in 4ms (Views: 3.3ms | ActiveRecord: 0.5ms | Allocations: 812)


Started GET "/favicon.ico" for ::1 at 2022-02-21 09:15:05 +0100
  
ActionController::RoutingError (No route matches [GET] "/favicon.ico"):
  
Started GET "/objectives" for ::1 at 2022-02-21 09:15:13 +0100
Processing by ObjectivesController#index as */*
  [1m[36mObjective Load (0.3ms)[0m  [1m[34mSELECT "objectives".* FROM "objectives"[0m
  ↳ app/controllers/objectives_controller.rb:8:in `index'
Completed 200 OK in 4ms (Views: 3.2ms | ActiveRecord: 0.3ms | Allocations: 811)


Started GET "/objectives" for ::1 at 2022-02-21 09:15:19 +0100
Processing by ObjectivesController#index as */*
  [1m[36mObjective Load (0.3ms)[0m  [1m[34mSELECT "objectives".* FROM "objectives"[0m
  ↳ app/controllers/objectives_controller.rb:8:in `index'
Completed 200 OK in 4ms (Views: 3.4ms | ActiveRecord: 0.3ms | Allocations: 812)


Started GET "/objectives" for ::1 at 2022-02-21 09:15:31 +0100
Processing by ObjectivesController#index as */*
  [1m[36mObjective Load (0.2ms)[0m  [1m[34mSELECT "objectives".* FROM "objectives"[0m
  ↳ app/controllers/objectives_controller.rb:8:in `index'
Completed 200 OK in 2ms (Views: 1.7ms | ActiveRecord: 0.2ms | Allocations: 812)


Started GET "/objectives" for ::1 at 2022-02-21 09:15:36 +0100
Processing by ObjectivesController#index as */*
  [1m[36mObjective Load (0.2ms)[0m  [1m[34mSELECT "objectives".* FROM "objectives"[0m
  ↳ app/controllers/objectives_controller.rb:8:in `index'
Completed 200 OK in 3ms (Views: 2.3ms | ActiveRecord: 0.2ms | Allocations: 812)


Started GET "/objectives" for ::1 at 2022-02-21 09:15:56 +0100
Processing by ObjectivesController#index as */*
  [1m[36mObjective Load (0.5ms)[0m  [1m[34mSELECT "objectives".* FROM "objectives"[0m
  ↳ app/controllers/objectives_controller.rb:8:in `index'
Completed 200 OK in 5ms (Views: 4.2ms | ActiveRecord: 0.5ms | Allocations: 812)


Started GET "/favicon.ico" for ::1 at 2022-02-21 09:15:56 +0100
  
ActionController::RoutingError (No route matches [GET] "/favicon.ico"):
  
Started GET "/objectives" for ::1 at 2022-02-21 09:16:36 +0100
Processing by ObjectivesController#index as */*
  [1m[36mObjective Load (0.4ms)[0m  [1m[34mSELECT "objectives".* FROM "objectives"[0m
  ↳ app/controllers/objectives_controller.rb:8:in `index'
Completed 200 OK in 5ms (Views: 4.2ms | ActiveRecord: 0.4ms | Allocations: 811)


Started GET "/objectives" for ::1 at 2022-02-21 09:18:24 +0100
Processing by ObjectivesController#index as */*
  [1m[36mObjective Load (0.3ms)[0m  [1m[34mSELECT "objectives".* FROM "objectives"[0m
  ↳ app/controllers/objectives_controller.rb:8:in `index'
Completed 200 OK in 5ms (Views: 3.9ms | ActiveRecord: 0.3ms | Allocations: 812)


Started GET "/objectives" for ::1 at 2022-02-21 09:18:33 +0100
Processing by ObjectivesController#index as */*
  [1m[36mObjective Load (0.3ms)[0m  [1m[34mSELECT "objectives".* FROM "objectives"[0m
  ↳ app/controllers/objectives_controller.rb:8:in `index'
Completed 200 OK in 3ms (Views: 2.5ms | ActiveRecord: 0.3ms | Allocations: 812)


Started GET "/objectives" for ::1 at 2022-02-21 09:19:11 +0100
Processing by ObjectivesController#index as */*
  [1m[36mObjective Load (0.5ms)[0m  [1m[34mSELECT "objectives".* FROM "objectives"[0m
  ↳ app/controllers/objectives_controller.rb:8:in `index'
Completed 200 OK in 4ms (Views: 2.7ms | ActiveRecord: 0.5ms | Allocations: 812)


Started GET "/objectives" for ::1 at 2022-02-21 09:19:17 +0100
Processing by ObjectivesController#index as */*
  [1m[36mObjective Load (0.4ms)[0m  [1m[34mSELECT "objectives".* FROM "objectives"[0m
  ↳ app/controllers/objectives_controller.rb:8:in `index'
Completed 200 OK in 3ms (Views: 2.3ms | ActiveRecord: 0.4ms | Allocations: 812)


Started GET "/objectives" for ::1 at 2022-02-21 09:19:28 +0100
Processing by ObjectivesController#index as */*
  [1m[36mObjective Load (0.3ms)[0m  [1m[34mSELECT "objectives".* FROM "objectives"[0m
  ↳ app/controllers/objectives_controller.rb:8:in `index'
Started GET "/favicon.ico" for ::1 at 2022-02-21 09:19:28 +0100
Completed 200 OK in 4ms (Views: 3.5ms | ActiveRecord: 0.3ms | Allocations: 1205)


  
ActionController::RoutingError (No route matches [GET] "/favicon.ico"):
  
Started GET "/objectives" for ::1 at 2022-02-21 09:19:39 +0100
Processing by ObjectivesController#index as */*
  [1m[36mObjective Load (0.4ms)[0m  [1m[34mSELECT "objectives".* FROM "objectives"[0m
  ↳ app/controllers/objectives_controller.rb:8:in `index'
Completed 200 OK in 5ms (Views: 3.8ms | ActiveRecord: 0.4ms | Allocations: 811)


Started GET "/objectives" for ::1 at 2022-02-21 09:22:26 +0100
Processing by ObjectivesController#index as */*
  [1m[36mObjective Load (0.5ms)[0m  [1m[34mSELECT "objectives".* FROM "objectives"[0m
  ↳ app/controllers/objectives_controller.rb:8:in `index'
Completed 200 OK in 4ms (Views: 3.1ms | ActiveRecord: 0.5ms | Allocations: 812)


Started GET "/objectives" for ::1 at 2022-02-21 09:22:45 +0100
Processing by ObjectivesController#index as */*
  [1m[36mObjective Load (0.4ms)[0m  [1m[34mSELECT "objectives".* FROM "objectives"[0m
  ↳ app/controllers/objectives_controller.rb:8:in `index'
Completed 200 OK in 4ms (Views: 3.0ms | ActiveRecord: 0.4ms | Allocations: 812)


Started GET "/objectives" for ::1 at 2022-02-21 09:22:49 +0100
Processing by ObjectivesController#index as */*
  [1m[36mObjective Load (0.4ms)[0m  [1m[34mSELECT "objectives".* FROM "objectives"[0m
  ↳ app/controllers/objectives_controller.rb:8:in `index'
Completed 200 OK in 3ms (Views: 1.9ms | ActiveRecord: 0.4ms | Allocations: 812)


Started GET "/objectives" for ::1 at 2022-02-21 09:23:33 +0100
Processing by ObjectivesController#index as */*
  [1m[36mObjective Load (0.5ms)[0m  [1m[34mSELECT "objectives".* FROM "objectives"[0m
  ↳ app/controllers/objectives_controller.rb:8:in `index'
Completed 200 OK in 6ms (Views: 4.6ms | ActiveRecord: 0.5ms | Allocations: 812)


Started GET "/objectives" for ::1 at 2022-02-21 09:23:36 +0100
Started GET "/favicon.ico" for ::1 at 2022-02-21 09:23:36 +0100
Processing by ObjectivesController#index as */*
  [1m[36mObjective Load (0.5ms)[0m  [1m[34mSELECT "objectives".* FROM "objectives"[0m
  ↳ app/controllers/objectives_controller.rb:8:in `index'
Completed 200 OK in 5ms (Views: 3.8ms | ActiveRecord: 0.5ms | Allocations: 854)


  
ActionController::RoutingError (No route matches [GET] "/favicon.ico"):
  
Started GET "/objectives" for ::1 at 2022-02-21 09:24:12 +0100
Processing by ObjectivesController#index as */*
  [1m[36mObjective Load (0.7ms)[0m  [1m[34mSELECT "objectives".* FROM "objectives"[0m
  ↳ app/controllers/objectives_controller.rb:8:in `index'
Completed 200 OK in 8ms (Views: 6.2ms | ActiveRecord: 0.7ms | Allocations: 811)


Started GET "/objectives" for ::1 at 2022-02-21 09:24:36 +0100
Processing by ObjectivesController#index as */*
  [1m[36mObjective Load (0.7ms)[0m  [1m[34mSELECT "objectives".* FROM "objectives"[0m
  ↳ app/controllers/objectives_controller.rb:8:in `index'
Completed 200 OK in 5ms (Views: 3.9ms | ActiveRecord: 0.7ms | Allocations: 812)


Started GET "/objectives" for ::1 at 2022-02-21 09:24:58 +0100
Processing by ObjectivesController#index as */*
  [1m[36mObjective Load (0.6ms)[0m  [1m[34mSELECT "objectives".* FROM "objectives"[0m
  ↳ app/controllers/objectives_controller.rb:8:in `index'
Completed 200 OK in 4ms (Views: 3.2ms | ActiveRecord: 0.6ms | Allocations: 812)


Started GET "/objectives" for ::1 at 2022-02-21 09:25:25 +0100
Processing by ObjectivesController#index as */*
  [1m[36mObjective Load (0.5ms)[0m  [1m[34mSELECT "objectives".* FROM "objectives"[0m
  ↳ app/controllers/objectives_controller.rb:8:in `index'
Completed 200 OK in 5ms (Views: 3.4ms | ActiveRecord: 0.5ms | Allocations: 812)


Started GET "/objectives" for ::1 at 2022-02-21 09:25:29 +0100
Processing by ObjectivesController#index as */*
  [1m[36mObjective Load (0.4ms)[0m  [1m[34mSELECT "objectives".* FROM "objectives"[0m
  ↳ app/controllers/objectives_controller.rb:8:in `index'
Completed 200 OK in 4ms (Views: 3.2ms | ActiveRecord: 0.4ms | Allocations: 812)


Started GET "/objectives" for ::1 at 2022-02-21 09:25:45 +0100
Processing by ObjectivesController#index as */*
  [1m[36mObjective Load (0.7ms)[0m  [1m[34mSELECT "objectives".* FROM "objectives"[0m
  ↳ app/controllers/objectives_controller.rb:8:in `index'
Completed 200 OK in 6ms (Views: 4.7ms | ActiveRecord: 0.7ms | Allocations: 812)


Started GET "/objectives" for ::1 at 2022-02-21 09:31:11 +0100
Processing by ObjectivesController#index as */*
  [1m[36mObjective Load (0.8ms)[0m  [1m[34mSELECT "objectives".* FROM "objectives"[0m
  ↳ app/controllers/objectives_controller.rb:8:in `index'
Completed 200 OK in 20ms (Views: 19.7ms | ActiveRecord: 8.2ms | Allocations: 3091)


Started GET "/objectives" for ::1 at 2022-02-21 09:31:14 +0100
Processing by ObjectivesController#index as */*
  [1m[36mObjective Load (0.4ms)[0m  [1m[34mSELECT "objectives".* FROM "objectives"[0m
  ↳ app/controllers/objectives_controller.rb:8:in `index'
Completed 200 OK in 4ms (Views: 2.9ms | ActiveRecord: 0.4ms | Allocations: 812)


Started GET "/objectives" for ::1 at 2022-02-21 09:31:23 +0100
Processing by ObjectivesController#index as */*
  [1m[36mObjective Load (0.3ms)[0m  [1m[34mSELECT "objectives".* FROM "objectives"[0m
  ↳ app/controllers/objectives_controller.rb:8:in `index'
Completed 200 OK in 3ms (Views: 2.0ms | ActiveRecord: 0.3ms | Allocations: 812)


Started GET "/objectives" for ::1 at 2022-02-21 09:31:34 +0100
Processing by ObjectivesController#index as */*
  [1m[36mObjective Load (0.5ms)[0m  [1m[34mSELECT "objectives".* FROM "objectives"[0m
  ↳ app/controllers/objectives_controller.rb:8:in `index'
Completed 200 OK in 4ms (Views: 2.7ms | ActiveRecord: 0.5ms | Allocations: 812)


Started GET "/objectives" for ::1 at 2022-02-21 09:43:55 +0100
Processing by ObjectivesController#index as */*
Started GET "/favicon.ico" for ::1 at 2022-02-21 09:43:55 +0100
  
ActionController::RoutingError (No route matches [GET] "/favicon.ico"):
  
  [1m[36mObjective Load (12.7ms)[0m  [1m[34mSELECT "objectives".* FROM "objectives"[0m
  ↳ app/controllers/objectives_controller.rb:8:in `index'
Completed 200 OK in 64ms (Views: 62.7ms | ActiveRecord: 47.3ms | Allocations: 26049)


Started GET "/objectives" for ::1 at 2022-02-21 09:44:42 +0100
Processing by ObjectivesController#index as */*
  [1m[36mObjective Load (0.4ms)[0m  [1m[34mSELECT "objectives".* FROM "objectives"[0m
  ↳ app/controllers/objectives_controller.rb:8:in `index'
Completed 200 OK in 4ms (Views: 3.1ms | ActiveRecord: 0.4ms | Allocations: 812)


Started GET "/objectives" for ::1 at 2022-02-21 09:44:49 +0100
Processing by ObjectivesController#index as */*
  [1m[36mObjective Load (0.6ms)[0m  [1m[34mSELECT "objectives".* FROM "objectives"[0m
  ↳ app/controllers/objectives_controller.rb:8:in `index'
Completed 200 OK in 4ms (Views: 2.7ms | ActiveRecord: 0.6ms | Allocations: 812)


Started GET "/objectives" for ::1 at 2022-02-21 09:44:53 +0100
Processing by ObjectivesController#index as */*
  [1m[36mObjective Load (0.4ms)[0m  [1m[34mSELECT "objectives".* FROM "objectives"[0m
  ↳ app/controllers/objectives_controller.rb:8:in `index'
Completed 200 OK in 5ms (Views: 4.3ms | ActiveRecord: 0.4ms | Allocations: 812)


Started GET "/objectives" for ::1 at 2022-02-21 09:45:48 +0100
Processing by ObjectivesController#index as */*
  [1m[36mObjective Load (0.4ms)[0m  [1m[34mSELECT "objectives".* FROM "objectives"[0m
  ↳ app/controllers/objectives_controller.rb:8:in `index'
Completed 200 OK in 5ms (Views: 4.0ms | ActiveRecord: 0.4ms | Allocations: 812)


Started GET "/objectives" for ::1 at 2022-02-21 09:45:52 +0100
Processing by ObjectivesController#index as */*
  [1m[36mObjective Load (0.4ms)[0m  [1m[34mSELECT "objectives".* FROM "objectives"[0m
  ↳ app/controllers/objectives_controller.rb:8:in `index'
Completed 200 OK in 4ms (Views: 2.9ms | ActiveRecord: 0.4ms | Allocations: 812)


Started GET "/objectives" for ::1 at 2022-02-21 09:46:09 +0100
Processing by ObjectivesController#index as */*
  [1m[36mObjective Load (0.8ms)[0m  [1m[34mSELECT "objectives".* FROM "objectives"[0m
  ↳ app/controllers/objectives_controller.rb:8:in `index'
Completed 200 OK in 11ms (Views: 9.9ms | ActiveRecord: 0.8ms | Allocations: 813)


Started GET "/objectives" for ::1 at 2022-02-21 09:46:36 +0100
Processing by ObjectivesController#index as */*
  [1m[36mObjective Load (0.4ms)[0m  [1m[34mSELECT "objectives".* FROM "objectives"[0m
  ↳ app/controllers/objectives_controller.rb:8:in `index'
Completed 200 OK in 4ms (Views: 3.3ms | ActiveRecord: 0.4ms | Allocations: 812)


Started GET "/objectives" for ::1 at 2022-02-21 09:46:42 +0100
Processing by ObjectivesController#index as */*
  [1m[36mObjective Load (0.4ms)[0m  [1m[34mSELECT "objectives".* FROM "objectives"[0m
  ↳ app/controllers/objectives_controller.rb:8:in `index'
Completed 200 OK in 5ms (Views: 4.2ms | ActiveRecord: 0.4ms | Allocations: 812)


Started GET "/objectives" for ::1 at 2022-02-21 09:46:50 +0100
Processing by ObjectivesController#index as */*
  [1m[36mObjective Load (0.4ms)[0m  [1m[34mSELECT "objectives".* FROM "objectives"[0m
  ↳ app/controllers/objectives_controller.rb:8:in `index'
Completed 200 OK in 4ms (Views: 3.1ms | ActiveRecord: 0.4ms | Allocations: 812)


Started GET "/objectives" for ::1 at 2022-02-21 09:47:01 +0100
Processing by ObjectivesController#index as */*
  [1m[36mObjective Load (0.4ms)[0m  [1m[34mSELECT "objectives".* FROM "objectives"[0m
  ↳ app/controllers/objectives_controller.rb:8:in `index'
Completed 200 OK in 4ms (Views: 2.9ms | ActiveRecord: 0.4ms | Allocations: 812)


Started GET "/objectives" for ::1 at 2022-02-21 09:47:13 +0100
Processing by ObjectivesController#index as */*
  [1m[36mObjective Load (0.6ms)[0m  [1m[34mSELECT "objectives".* FROM "objectives"[0m
  ↳ app/controllers/objectives_controller.rb:8:in `index'
Completed 200 OK in 5ms (Views: 4.0ms | ActiveRecord: 0.6ms | Allocations: 973)


Started GET "/favicon.ico" for ::1 at 2022-02-21 09:47:13 +0100
  
ActionController::RoutingError (No route matches [GET] "/favicon.ico"):
  
Started GET "/objectives" for ::1 at 2022-02-21 09:47:46 +0100
Processing by ObjectivesController#index as */*
  [1m[36mObjective Load (0.6ms)[0m  [1m[34mSELECT "objectives".* FROM "objectives"[0m
  ↳ app/controllers/objectives_controller.rb:8:in `index'
Completed 200 OK in 6ms (Views: 5.0ms | ActiveRecord: 0.6ms | Allocations: 811)


Started GET "/objectives" for ::1 at 2022-02-21 09:48:24 +0100
Processing by ObjectivesController#index as */*
  [1m[36mObjective Load (0.8ms)[0m  [1m[34mSELECT "objectives".* FROM "objectives"[0m
  ↳ app/controllers/objectives_controller.rb:8:in `index'
Completed 200 OK in 5ms (Views: 3.2ms | ActiveRecord: 0.8ms | Allocations: 812)


Started GET "/objectives" for ::1 at 2022-02-21 09:49:11 +0100
Processing by ObjectivesController#index as */*
  [1m[36mObjective Load (0.7ms)[0m  [1m[34mSELECT "objectives".* FROM "objectives"[0m
  ↳ app/controllers/objectives_controller.rb:8:in `index'
Completed 200 OK in 5ms (Views: 4.3ms | ActiveRecord: 0.7ms | Allocations: 812)


Started GET "/objectives" for ::1 at 2022-02-21 09:49:21 +0100
Processing by ObjectivesController#index as */*
  [1m[36mObjective Load (0.4ms)[0m  [1m[34mSELECT "objectives".* FROM "objectives"[0m
  ↳ app/controllers/objectives_controller.rb:8:in `index'
Completed 200 OK in 3ms (Views: 2.7ms | ActiveRecord: 0.4ms | Allocations: 812)


Started GET "/objectives" for ::1 at 2022-02-21 09:49:26 +0100
Started GET "/favicon.ico" for ::1 at 2022-02-21 09:49:26 +0100
Processing by ObjectivesController#index as */*
  [1m[36mObjective Load (0.5ms)[0m  [1m[34mSELECT "objectives".* FROM "objectives"[0m
  ↳ app/controllers/objectives_controller.rb:8:in `index'
Completed 200 OK in 4ms (Views: 3.2ms | ActiveRecord: 0.5ms | Allocations: 859)


  
ActionController::RoutingError (No route matches [GET] "/favicon.ico"):
  
Started GET "/objectives" for ::1 at 2022-02-21 09:49:45 +0100
Processing by ObjectivesController#index as */*
  [1m[36mObjective Load (0.9ms)[0m  [1m[34mSELECT "objectives".* FROM "objectives"[0m
  ↳ app/controllers/objectives_controller.rb:8:in `index'
Completed 200 OK in 4ms (Views: 2.5ms | ActiveRecord: 0.9ms | Allocations: 811)


Started GET "/objectives" for ::1 at 2022-02-21 09:50:23 +0100
Processing by ObjectivesController#index as */*
  [1m[36mObjective Load (0.5ms)[0m  [1m[34mSELECT "objectives".* FROM "objectives"[0m
  ↳ app/controllers/objectives_controller.rb:8:in `index'
Completed 200 OK in 4ms (Views: 2.9ms | ActiveRecord: 0.5ms | Allocations: 812)


Started GET "/favicon.ico" for ::1 at 2022-02-21 09:50:23 +0100
  
ActionController::RoutingError (No route matches [GET] "/favicon.ico"):
  
Started GET "/objectives" for ::1 at 2022-02-21 09:50:40 +0100
Processing by ObjectivesController#index as */*
  [1m[36mObjective Load (0.8ms)[0m  [1m[34mSELECT "objectives".* FROM "objectives"[0m
  ↳ app/controllers/objectives_controller.rb:8:in `index'
Completed 200 OK in 6ms (Views: 4.4ms | ActiveRecord: 0.8ms | Allocations: 811)


Started GET "/objectives" for ::1 at 2022-02-21 09:50:42 +0100
Processing by ObjectivesController#index as */*
  [1m[36mObjective Load (0.5ms)[0m  [1m[34mSELECT "objectives".* FROM "objectives"[0m
  ↳ app/controllers/objectives_controller.rb:8:in `index'
Completed 200 OK in 4ms (Views: 3.2ms | ActiveRecord: 0.5ms | Allocations: 812)


Started GET "/objectives" for ::1 at 2022-02-21 09:50:43 +0100
Processing by ObjectivesController#index as */*
  [1m[36mObjective Load (0.3ms)[0m  [1m[34mSELECT "objectives".* FROM "objectives"[0m
  ↳ app/controllers/objectives_controller.rb:8:in `index'
Completed 200 OK in 3ms (Views: 2.1ms | ActiveRecord: 0.3ms | Allocations: 981)


Started GET "/favicon.ico" for ::1 at 2022-02-21 09:50:43 +0100
  
ActionController::RoutingError (No route matches [GET] "/favicon.ico"):
  
Started GET "/objectives" for ::1 at 2022-02-21 09:50:52 +0100
Started GET "/favicon.ico" for ::1 at 2022-02-21 09:50:52 +0100
Processing by ObjectivesController#index as */*
  [1m[36mObjective Load (0.5ms)[0m  [1m[34mSELECT "objectives".* FROM "objectives"[0m
  ↳ app/controllers/objectives_controller.rb:8:in `index'
Completed 200 OK in 4ms (Views: 2.8ms | ActiveRecord: 0.5ms | Allocations: 859)


  
ActionController::RoutingError (No route matches [GET] "/favicon.ico"):
  
Started GET "/objectives" for ::1 at 2022-02-21 09:51:05 +0100
Processing by ObjectivesController#index as */*
  [1m[36mObjective Load (0.4ms)[0m  [1m[34mSELECT "objectives".* FROM "objectives"[0m
  ↳ app/controllers/objectives_controller.rb:8:in `index'
Completed 200 OK in 5ms (Views: 3.8ms | ActiveRecord: 0.4ms | Allocations: 811)


Started GET "/favicon.ico" for ::1 at 2022-02-21 09:51:05 +0100
  
ActionController::RoutingError (No route matches [GET] "/favicon.ico"):
  
Started GET "/objectives" for ::1 at 2022-02-21 09:51:41 +0100
Processing by ObjectivesController#index as */*
  [1m[36mObjective Load (0.5ms)[0m  [1m[34mSELECT "objectives".* FROM "objectives"[0m
  ↳ app/controllers/objectives_controller.rb:8:in `index'
Completed 200 OK in 4ms (Views: 3.2ms | ActiveRecord: 0.5ms | Allocations: 811)


Started GET "/objectives" for ::1 at 2022-02-21 09:51:47 +0100
Processing by ObjectivesController#index as */*
  [1m[36mObjective Load (0.4ms)[0m  [1m[34mSELECT "objectives".* FROM "objectives"[0m
  ↳ app/controllers/objectives_controller.rb:8:in `index'
Completed 200 OK in 5ms (Views: 4.4ms | ActiveRecord: 0.4ms | Allocations: 812)


Started GET "/objectives" for ::1 at 2022-02-21 09:51:48 +0100
Processing by ObjectivesController#index as */*
  [1m[36mObjective Load (0.2ms)[0m  [1m[34mSELECT "objectives".* FROM "objectives"[0m
  ↳ app/controllers/objectives_controller.rb:8:in `index'
Completed 200 OK in 3ms (Views: 2.2ms | ActiveRecord: 0.2ms | Allocations: 822)


Started GET "/favicon.ico" for ::1 at 2022-02-21 09:51:48 +0100
  
ActionController::RoutingError (No route matches [GET] "/favicon.ico"):
  
Started GET "/objectives" for ::1 at 2022-02-21 09:51:53 +0100
Processing by ObjectivesController#index as */*
  [1m[36mObjective Load (1.0ms)[0m  [1m[34mSELECT "objectives".* FROM "objectives"[0m
  ↳ app/controllers/objectives_controller.rb:8:in `index'
Completed 200 OK in 6ms (Views: 4.4ms | ActiveRecord: 1.0ms | Allocations: 821)


Started GET "/favicon.ico" for ::1 at 2022-02-21 09:51:53 +0100
  
ActionController::RoutingError (No route matches [GET] "/favicon.ico"):
  
Started GET "/objectives" for ::1 at 2022-02-21 09:58:29 +0100
Processing by ObjectivesController#index as */*
  [1m[36mObjective Load (1.5ms)[0m  [1m[34mSELECT "objectives".* FROM "objectives"[0m
  ↳ app/controllers/objectives_controller.rb:8:in `index'
Completed 200 OK in 25ms (Views: 24.6ms | ActiveRecord: 9.7ms | Allocations: 3091)


Started GET "/objectives" for ::1 at 2022-02-21 09:58:53 +0100
Processing by ObjectivesController#index as */*
  [1m[36mObjective Load (0.4ms)[0m  [1m[34mSELECT "objectives".* FROM "objectives"[0m
  ↳ app/controllers/objectives_controller.rb:8:in `index'
Completed 200 OK in 4ms (Views: 3.2ms | ActiveRecord: 0.4ms | Allocations: 812)


Started GET "/objectives" for ::1 at 2022-02-21 09:59:03 +0100
Processing by ObjectivesController#index as */*
  [1m[36mObjective Load (0.5ms)[0m  [1m[34mSELECT "objectives".* FROM "objectives"[0m
  ↳ app/controllers/objectives_controller.rb:8:in `index'
Completed 200 OK in 4ms (Views: 3.5ms | ActiveRecord: 0.5ms | Allocations: 812)


Started GET "/favicon.ico" for ::1 at 2022-02-21 10:00:57 +0100
  
ActionController::RoutingError (No route matches [GET] "/favicon.ico"):
  
Started GET "/favicon.ico" for ::1 at 2022-02-21 10:01:04 +0100
  
ActionController::RoutingError (No route matches [GET] "/favicon.ico"):
  
Started GET "/favicon.ico" for ::1 at 2022-02-21 10:02:15 +0100
  
ActionController::RoutingError (No route matches [GET] "/favicon.ico"):
  
Started GET "/objectives" for ::1 at 2022-02-21 10:04:35 +0100
Processing by ObjectivesController#index as */*
  [1m[36mObjective Load (1.1ms)[0m  [1m[34mSELECT "objectives".* FROM "objectives"[0m
  ↳ app/controllers/objectives_controller.rb:8:in `index'
Completed 200 OK in 24ms (Views: 23.0ms | ActiveRecord: 9.8ms | Allocations: 3036)


Started GET "/objectives" for ::1 at 2022-02-21 10:06:19 +0100
Processing by ObjectivesController#index as */*
  [1m[36mObjective Load (0.5ms)[0m  [1m[34mSELECT "objectives".* FROM "objectives"[0m
  ↳ app/controllers/objectives_controller.rb:8:in `index'
Completed 200 OK in 3ms (Views: 2.7ms | ActiveRecord: 0.5ms | Allocations: 812)


Started GET "/objectives" for ::1 at 2022-02-21 10:08:03 +0100
Processing by ObjectivesController#index as */*
  [1m[36mObjective Load (0.6ms)[0m  [1m[34mSELECT "objectives".* FROM "objectives"[0m
  ↳ app/controllers/objectives_controller.rb:8:in `index'
Completed 200 OK in 7ms (Views: 5.9ms | ActiveRecord: 0.6ms | Allocations: 812)


Started GET "/objectives" for ::1 at 2022-02-21 10:08:07 +0100
Processing by ObjectivesController#index as */*
  [1m[36mObjective Load (0.4ms)[0m  [1m[34mSELECT "objectives".* FROM "objectives"[0m
  ↳ app/controllers/objectives_controller.rb:8:in `index'
Completed 200 OK in 4ms (Views: 3.5ms | ActiveRecord: 0.4ms | Allocations: 972)


Started GET "/favicon.ico" for ::1 at 2022-02-21 10:08:07 +0100
  
ActionController::RoutingError (No route matches [GET] "/favicon.ico"):
  
Started POST "/objectives" for ::1 at 2022-02-21 10:08:09 +0100
Processing by ObjectivesController#create as */*
  Parameters: {"objective"=>{"title"=>"Undefined objective", "weight"=>0}}
  [1m[36mTRANSACTION (0.2ms)[0m  [1m[35mBEGIN[0m
  ↳ app/controllers/objectives_controller.rb:20:in `create'
  [1m[36mObjective Create (1.5ms)[0m  [1m[32mINSERT INTO "objectives" ("title", "weight", "created_at", "updated_at") VALUES ($1, $2, $3, $4) RETURNING "id"[0m  [["title", "Undefined objective"], ["weight", 0], ["created_at", "2022-02-21 09:08:09.304280"], ["updated_at", "2022-02-21 09:08:09.304280"]]
  ↳ app/controllers/objectives_controller.rb:20:in `create'
  [1m[36mTRANSACTION (2.4ms)[0m  [1m[35mCOMMIT[0m
  ↳ app/controllers/objectives_controller.rb:20:in `create'
Completed 201 Created in 14ms (Views: 1.5ms | ActiveRecord: 4.1ms | Allocations: 2604)


Started GET "/objectives" for ::1 at 2022-02-21 10:08:11 +0100
Processing by ObjectivesController#index as */*
  [1m[36mObjective Load (0.8ms)[0m  [1m[34mSELECT "objectives".* FROM "objectives"[0m
  ↳ app/controllers/objectives_controller.rb:8:in `index'
Completed 200 OK in 6ms (Views: 4.4ms | ActiveRecord: 0.8ms | Allocations: 1031)


Started GET "/favicon.ico" for ::1 at 2022-02-21 10:08:11 +0100
  
ActionController::RoutingError (No route matches [GET] "/favicon.ico"):
  
Started GET "/objectives" for ::1 at 2022-02-21 10:08:12 +0100
Processing by ObjectivesController#index as */*
  [1m[36mObjective Load (0.7ms)[0m  [1m[34mSELECT "objectives".* FROM "objectives"[0m
  ↳ app/controllers/objectives_controller.rb:8:in `index'
Completed 200 OK in 4ms (Views: 3.0ms | ActiveRecord: 0.7ms | Allocations: 1032)


Started GET "/favicon.ico" for ::1 at 2022-02-21 10:08:12 +0100
  
ActionController::RoutingError (No route matches [GET] "/favicon.ico"):
  
  [1m[36mObjective Load (0.6ms)[0m  [1m[34mSELECT "objectives".* FROM "objectives"[0m
Started GET "/objectives" for ::1 at 2022-02-21 10:10:40 +0100
Processing by ObjectivesController#index as */*
  [1m[36mObjective Load (0.7ms)[0m  [1m[34mSELECT "objectives".* FROM "objectives"[0m
  ↳ app/controllers/objectives_controller.rb:8:in `index'
Completed 200 OK in 5ms (Views: 3.2ms | ActiveRecord: 0.7ms | Allocations: 862)


Started GET "/objectives" for ::1 at 2022-02-21 10:10:57 +0100
Processing by ObjectivesController#index as */*
  [1m[36mObjective Load (0.4ms)[0m  [1m[34mSELECT "objectives".* FROM "objectives"[0m
  ↳ app/controllers/objectives_controller.rb:8:in `index'
Completed 200 OK in 4ms (Views: 3.5ms | ActiveRecord: 0.4ms | Allocations: 863)


Started GET "/objectives" for ::1 at 2022-02-21 10:12:59 +0100
Processing by ObjectivesController#index as */*
  [1m[36mObjective Load (0.7ms)[0m  [1m[34mSELECT "objectives".* FROM "objectives"[0m
  ↳ app/controllers/objectives_controller.rb:8:in `index'
Completed 200 OK in 5ms (Views: 3.8ms | ActiveRecord: 0.7ms | Allocations: 863)


Started GET "/objectives" for ::1 at 2022-02-21 10:13:45 +0100
Processing by ObjectivesController#index as */*
  [1m[36mObjective Load (0.3ms)[0m  [1m[34mSELECT "objectives".* FROM "objectives"[0m
  ↳ app/controllers/objectives_controller.rb:8:in `index'
Completed 200 OK in 3ms (Views: 2.2ms | ActiveRecord: 0.3ms | Allocations: 863)


Started GET "/objectives" for ::1 at 2022-02-21 10:14:38 +0100
Processing by ObjectivesController#index as */*
  [1m[36mObjective Load (0.7ms)[0m  [1m[34mSELECT "objectives".* FROM "objectives"[0m
  ↳ app/controllers/objectives_controller.rb:8:in `index'
Completed 200 OK in 6ms (Views: 4.4ms | ActiveRecord: 0.7ms | Allocations: 863)


Started GET "/objectives" for ::1 at 2022-02-21 10:14:46 +0100
Processing by ObjectivesController#index as */*
  [1m[36mObjective Load (0.5ms)[0m  [1m[34mSELECT "objectives".* FROM "objectives"[0m
  ↳ app/controllers/objectives_controller.rb:8:in `index'
Completed 200 OK in 4ms (Views: 3.1ms | ActiveRecord: 0.5ms | Allocations: 864)


Started GET "/objectives" for ::1 at 2022-02-21 10:14:57 +0100
Processing by ObjectivesController#index as */*
  [1m[36mObjective Load (0.4ms)[0m  [1m[34mSELECT "objectives".* FROM "objectives"[0m
  ↳ app/controllers/objectives_controller.rb:8:in `index'
Completed 200 OK in 5ms (Views: 4.4ms | ActiveRecord: 0.4ms | Allocations: 863)


Started GET "/objectives" for ::1 at 2022-02-21 10:15:06 +0100
Processing by ObjectivesController#index as */*
  [1m[36mObjective Load (0.3ms)[0m  [1m[34mSELECT "objectives".* FROM "objectives"[0m
  ↳ app/controllers/objectives_controller.rb:8:in `index'
Completed 200 OK in 3ms (Views: 2.6ms | ActiveRecord: 0.3ms | Allocations: 863)


Started GET "/objectives" for ::1 at 2022-02-21 10:15:18 +0100
Processing by ObjectivesController#index as */*
  [1m[36mObjective Load (0.4ms)[0m  [1m[34mSELECT "objectives".* FROM "objectives"[0m
  ↳ app/controllers/objectives_controller.rb:8:in `index'
Completed 200 OK in 4ms (Views: 3.4ms | ActiveRecord: 0.4ms | Allocations: 863)


Started GET "/objectives" for ::1 at 2022-02-21 10:15:21 +0100
Processing by ObjectivesController#index as */*
  [1m[36mObjective Load (0.3ms)[0m  [1m[34mSELECT "objectives".* FROM "objectives"[0m
  ↳ app/controllers/objectives_controller.rb:8:in `index'
Completed 200 OK in 4ms (Views: 2.9ms | ActiveRecord: 0.3ms | Allocations: 863)


Started GET "/objectives" for ::1 at 2022-02-21 10:15:38 +0100
Processing by ObjectivesController#index as */*
  [1m[36mObjective Load (0.5ms)[0m  [1m[34mSELECT "objectives".* FROM "objectives"[0m
  ↳ app/controllers/objectives_controller.rb:8:in `index'
Completed 200 OK in 4ms (Views: 3.4ms | ActiveRecord: 0.5ms | Allocations: 863)


Started GET "/objectives" for ::1 at 2022-02-21 10:15:46 +0100
Processing by ObjectivesController#index as */*
  [1m[36mObjective Load (0.3ms)[0m  [1m[34mSELECT "objectives".* FROM "objectives"[0m
  ↳ app/controllers/objectives_controller.rb:8:in `index'
Completed 200 OK in 3ms (Views: 2.3ms | ActiveRecord: 0.3ms | Allocations: 863)


Started GET "/objectives" for ::1 at 2022-02-21 10:15:53 +0100
Processing by ObjectivesController#index as */*
  [1m[36mObjective Load (0.3ms)[0m  [1m[34mSELECT "objectives".* FROM "objectives"[0m
  ↳ app/controllers/objectives_controller.rb:8:in `index'
Completed 200 OK in 3ms (Views: 2.2ms | ActiveRecord: 0.3ms | Allocations: 863)


Started GET "/objectives" for ::1 at 2022-02-21 10:16:03 +0100
Processing by ObjectivesController#index as */*
  [1m[36mObjective Load (0.4ms)[0m  [1m[34mSELECT "objectives".* FROM "objectives"[0m
  ↳ app/controllers/objectives_controller.rb:8:in `index'
Completed 200 OK in 3ms (Views: 2.1ms | ActiveRecord: 0.4ms | Allocations: 863)


Started GET "/objectives" for ::1 at 2022-02-21 10:16:13 +0100
Processing by ObjectivesController#index as */*
  [1m[36mObjective Load (0.4ms)[0m  [1m[34mSELECT "objectives".* FROM "objectives"[0m
  ↳ app/controllers/objectives_controller.rb:8:in `index'
Completed 200 OK in 3ms (Views: 2.2ms | ActiveRecord: 0.4ms | Allocations: 863)


Started GET "/objectives" for ::1 at 2022-02-21 10:16:15 +0100
Processing by ObjectivesController#index as */*
  [1m[36mObjective Load (0.5ms)[0m  [1m[34mSELECT "objectives".* FROM "objectives"[0m
  ↳ app/controllers/objectives_controller.rb:8:in `index'
Completed 200 OK in 4ms (Views: 3.1ms | ActiveRecord: 0.5ms | Allocations: 863)


Started GET "/objectives" for ::1 at 2022-02-21 10:16:39 +0100
Processing by ObjectivesController#index as */*
  [1m[36mObjective Load (0.4ms)[0m  [1m[34mSELECT "objectives".* FROM "objectives"[0m
  ↳ app/controllers/objectives_controller.rb:8:in `index'
Completed 200 OK in 3ms (Views: 2.3ms | ActiveRecord: 0.4ms | Allocations: 863)


Started GET "/objectives" for ::1 at 2022-02-21 10:16:44 +0100
Processing by ObjectivesController#index as */*
  [1m[36mObjective Load (0.3ms)[0m  [1m[34mSELECT "objectives".* FROM "objectives"[0m
  ↳ app/controllers/objectives_controller.rb:8:in `index'
Completed 200 OK in 3ms (Views: 2.5ms | ActiveRecord: 0.3ms | Allocations: 863)


Started GET "/objectives" for ::1 at 2022-02-21 10:17:36 +0100
Processing by ObjectivesController#index as */*
  [1m[36mObjective Load (0.3ms)[0m  [1m[34mSELECT "objectives".* FROM "objectives"[0m
  ↳ app/controllers/objectives_controller.rb:8:in `index'
Completed 200 OK in 4ms (Views: 3.6ms | ActiveRecord: 0.3ms | Allocations: 863)


Started GET "/objectives" for ::1 at 2022-02-21 10:17:51 +0100
Processing by ObjectivesController#index as */*
  [1m[36mObjective Load (0.4ms)[0m  [1m[34mSELECT "objectives".* FROM "objectives"[0m
  ↳ app/controllers/objectives_controller.rb:8:in `index'
Completed 200 OK in 4ms (Views: 3.0ms | ActiveRecord: 0.4ms | Allocations: 863)


Started GET "/objectives" for ::1 at 2022-02-21 10:17:59 +0100
Processing by ObjectivesController#index as */*
  [1m[36mObjective Load (0.3ms)[0m  [1m[34mSELECT "objectives".* FROM "objectives"[0m
  ↳ app/controllers/objectives_controller.rb:8:in `index'
Completed 200 OK in 2ms (Views: 1.6ms | ActiveRecord: 0.3ms | Allocations: 863)


Started GET "/objectives" for ::1 at 2022-02-21 10:18:04 +0100
Processing by ObjectivesController#index as */*
  [1m[36mObjective Load (0.5ms)[0m  [1m[34mSELECT "objectives".* FROM "objectives"[0m
  ↳ app/controllers/objectives_controller.rb:8:in `index'
Completed 200 OK in 5ms (Views: 3.9ms | ActiveRecord: 0.5ms | Allocations: 863)


Started GET "/objectives" for ::1 at 2022-02-21 10:18:09 +0100
Processing by ObjectivesController#index as */*
  [1m[36mObjective Load (0.5ms)[0m  [1m[34mSELECT "objectives".* FROM "objectives"[0m
  ↳ app/controllers/objectives_controller.rb:8:in `index'
Completed 200 OK in 4ms (Views: 3.3ms | ActiveRecord: 0.5ms | Allocations: 863)


Started GET "/objectives" for ::1 at 2022-02-21 10:18:25 +0100
Processing by ObjectivesController#index as */*
  [1m[36mObjective Load (0.4ms)[0m  [1m[34mSELECT "objectives".* FROM "objectives"[0m
  ↳ app/controllers/objectives_controller.rb:8:in `index'
Completed 200 OK in 3ms (Views: 2.5ms | ActiveRecord: 0.4ms | Allocations: 863)


Started GET "/objectives" for ::1 at 2022-02-21 10:18:51 +0100
Processing by ObjectivesController#index as */*
  [1m[36mObjective Load (0.6ms)[0m  [1m[34mSELECT "objectives".* FROM "objectives"[0m
  ↳ app/controllers/objectives_controller.rb:8:in `index'
Completed 200 OK in 6ms (Views: 5.1ms | ActiveRecord: 0.6ms | Allocations: 863)


Started GET "/objectives" for ::1 at 2022-02-21 10:19:06 +0100
Processing by ObjectivesController#index as */*
  [1m[36mObjective Load (0.3ms)[0m  [1m[34mSELECT "objectives".* FROM "objectives"[0m
  ↳ app/controllers/objectives_controller.rb:8:in `index'
Completed 200 OK in 4ms (Views: 3.1ms | ActiveRecord: 0.3ms | Allocations: 863)


